[2026-02-13 23:10:46] ==================================================
[2026-02-13 23:10:46] FILE WATCHER STARTED
[2026-02-13 23:10:46]   Watch:  D:\Drop_Folder
[2026-02-13 23:10:46]   Target: D:\hack0aliza\Needs_Action
[2026-02-13 23:10:46] ==================================================
[2026-02-13 23:11:06] DETECTED: Receipt-2923-3039-1946.pdf
[2026-02-13 23:11:07] COPIED: Receipt-2923-3039-1946.pdf -> Needs_Action/FILE_Receipt-2923-3039-1946.pdf
[2026-02-13 23:11:07] COPIED: Receipt-2923-3039-1946.pdf -> Inbox/Receipt-2923-3039-1946.pdf
[2026-02-13 23:11:07] METADATA: Created FILE_Receipt-2923-3039-1946.md
[2026-02-13 23:11:07] ERROR copying Receipt-2923-3039-1946.pdf: 'charmap' codec can't encode character '\u2192' in position 57: character maps to <undefined>
[2026-02-13 23:11:07] METADATA: Created 2026-02-13_file_Receipt-2923-3039-1946.md
[2026-02-13 23:11:07] READY: Receipt-2923-3039-1946.pdf is in Inbox, awaiting triage
[2026-02-13 23:11:07] READY: FILE_Receipt-2923-3039-1946.pdf awaiting processing
[2026-02-13 23:24:35] SHUTDOWN: Watcher stopped by user
[2026-02-13 23:25:23] ==================================================
[2026-02-13 23:25:23] FILE WATCHER STARTED
[2026-02-13 23:25:23]   Watch:  D:\Drop_Folder
[2026-02-13 23:25:23]   Target: D:\hack0aliza\Needs_Action
[2026-02-13 23:25:23] ==================================================
[2026-02-13 23:26:45] DETECTED: Personal AI Employee Hackathon 0_ Building Autonomous FTEs in 2026.docx
[2026-02-13 23:26:45] DETECTED: Personal AI Employee Hackathon 0_ Building Autonomous FTEs in 2026.docx
[2026-02-13 23:26:46] COPIED: Personal AI Employee Hackathon 0_ Building Autonomous FTEs in 2026.docx -> Needs_Action/FILE_Personal AI Employee Hackathon 0_ Building Autonomous FTEs in 2026.docx
[2026-02-13 23:26:46] METADATA: Created FILE_Personal AI Employee Hackathon 0_ Building Autonomous FTEs in 2026.md
[2026-02-13 23:26:46] READY: FILE_Personal AI Employee Hackathon 0_ Building Autonomous FTEs in 2026.docx awaiting processing
[2026-02-13 23:26:47] ERROR copying Personal AI Employee Hackathon 0_ Building Autonomous FTEs in 2026.docx: 'charmap' codec can't encode character '\u2192' in position 102: character maps to <undefined>
[2026-02-13 23:26:47] COPIED: Personal AI Employee Hackathon 0_ Building Autonomous FTEs in 2026.docx -> Inbox/Personal AI Employee Hackathon 0_ Building Autonomous FTEs in 2026.docx
[2026-02-13 23:26:47] METADATA: Created 2026-02-13_file_Personal AI Employee Hackathon 0_ Building Autonomous FTEs in 2026.md
[2026-02-13 23:26:47] READY: Personal AI Employee Hackathon 0_ Building Autonomous FTEs in 2026.docx is in Inbox, awaiting triage
[2026-02-13 23:36:08] SHUTDOWN: Watcher stopped by user
